[06/05/20 18:52:18] [ERROR] invalid JSON: expected "parent_id" in "{"bitrate":64000,"id":"709631142239928341","name":"IP : Coming Soon.","nsfw":false,"parent_id":null,"permission_overwrites":[{"allow":1024,"deny":871367441,"id":"704668623788310600","type":"role"},{"allow":1048576,"deny":0,"id":"705080722771279894","type":"role"},{"allow":1048576,"deny":0,"id":"705081248229490750","type":"role"}],"position":0,"type":2,"user_limit":0}"
[06/05/20 18:57:41] [ERROR] invalid JSON: expected "parent_id" in "{"bitrate":64000,"id":"709631142239928341","name":"IP : Coming Soon.","nsfw":false,"parent_id":null,"permission_overwrites":[{"allow":1024,"deny":871367441,"id":"704668623788310600","type":"role"},{"allow":1048576,"deny":0,"id":"705080722771279894","type":"role"},{"allow":1048576,"deny":0,"id":"705081248229490750","type":"role"}],"position":0,"type":2,"user_limit":0}"
[06/05/20 19:15:50] [ERROR] invalid JSON: expected "parent_id" in "{"bitrate":64000,"id":"709631142239928341","name":"IP : Coming Soon.","nsfw":false,"parent_id":null,"permission_overwrites":[{"allow":1024,"deny":871367441,"id":"704668623788310600","type":"role"},{"allow":1048576,"deny":0,"id":"705080722771279894","type":"role"},{"allow":1048576,"deny":0,"id":"705081248229490750","type":"role"}],"position":0,"type":2,"user_limit":0}"
[06/05/20 19:27:42] [ERROR] invalid JSON: expected "parent_id" in "{"bitrate":64000,"id":"709631142239928341","name":"IP : Coming Soon.","nsfw":false,"parent_id":null,"permission_overwrites":[{"allow":1024,"deny":871367441,"id":"704668623788310600","type":"role"},{"allow":1048576,"deny":0,"id":"705080722771279894","type":"role"},{"allow":1048576,"deny":0,"id":"705081248229490750","type":"role"}],"position":0,"type":2,"user_limit":0}"
[06/05/20 19:28:35] [ERROR] invalid JSON: expected "parent_id" in "{"bitrate":64000,"id":"709631142239928341","name":"IP : Coming Soon.","nsfw":false,"parent_id":null,"permission_overwrites":[{"allow":1024,"deny":871367441,"id":"704668623788310600","type":"role"},{"allow":1048576,"deny":0,"id":"705080722771279894","type":"role"},{"allow":1048576,"deny":0,"id":"705081248229490750","type":"role"}],"position":0,"type":2,"user_limit":0}"
[06/05/20 19:30:48] [ERROR] invalid JSON: expected "parent_id" in "{"bitrate":64000,"id":"709631142239928341","name":"IP : Coming Soon.","nsfw":false,"parent_id":null,"permission_overwrites":[{"allow":1024,"deny":871367441,"id":"704668623788310600","type":"role"},{"allow":1048576,"deny":0,"id":"705080722771279894","type":"role"},{"allow":1048576,"deny":0,"id":"705081248229490750","type":"role"}],"position":0,"type":2,"user_limit":0}"
[06/05/20 19:50:24] [ERROR] Can't read from Discord websocket gateway: An existing connection was forcibly closed by the remote host (10054)
[06/05/20 19:50:36] [ERROR] Can't resolve Discord gateway URL 'gateway.discord.gg': No such host is known (11001)
[06/05/20 19:50:58] [ERROR] Can't resolve Discord gateway URL 'gateway.discord.gg': No such host is known (11001)
[06/05/20 19:51:20] [ERROR] Can't resolve Discord gateway URL 'gateway.discord.gg': No such host is known (11001)
[06/05/20 19:51:42] [ERROR] Can't resolve Discord gateway URL 'gateway.discord.gg': No such host is known (11001)
[06/05/20 20:17:01] [ERROR] Can't resolve Discord API URL: No such host is known (11001)
[06/05/20 20:18:26] [ERROR] invalid JSON: expected "parent_id" in "{"bitrate":64000,"id":"709631142239928341","name":"IP : Coming Soon.","nsfw":false,"parent_id":null,"permission_overwrites":[{"allow":1024,"deny":871367441,"id":"704668623788310600","type":"role"},{"allow":1048576,"deny":0,"id":"705080722771279894","type":"role"},{"allow":1048576,"deny":0,"id":"705081248229490750","type":"role"}],"position":0,"type":2,"user_limit":0}"
[06/05/20 20:37:26] [ERROR] Error while retrieving HTTP POST response from '/api/v6/channels/715514258426822736/messages': An existing connection was forcibly closed by the remote host
[06/05/20 20:37:26] [WARNING] Error while shutting down SSL on HTTP connection: An established connection was aborted by the software in your host machine (10053)
[06/05/20 20:42:09] [ERROR] Can't read from Discord websocket gateway: An existing connection was forcibly closed by the remote host (10054)
[06/05/20 20:42:21] [ERROR] Can't resolve Discord gateway URL 'gateway.discord.gg': No such host is known (11001)
[06/05/20 20:42:43] [ERROR] Can't resolve Discord gateway URL 'gateway.discord.gg': No such host is known (11001)
[06/05/20 20:43:05] [ERROR] Can't resolve Discord gateway URL 'gateway.discord.gg': No such host is known (11001)
[06/05/20 20:43:27] [ERROR] Can't resolve Discord gateway URL 'gateway.discord.gg': No such host is known (11001)
[06/05/20 20:43:49] [ERROR] Can't resolve Discord gateway URL 'gateway.discord.gg': No such host is known (11001)
[06/05/20 20:44:11] [ERROR] Can't resolve Discord gateway URL 'gateway.discord.gg': No such host is known (11001)
[06/05/20 20:44:33] [ERROR] Can't resolve Discord gateway URL 'gateway.discord.gg': No such host is known (11001)
[06/05/20 20:44:55] [ERROR] Can't resolve Discord gateway URL 'gateway.discord.gg': No such host is known (11001)
[06/05/20 20:45:17] [ERROR] Can't resolve Discord gateway URL 'gateway.discord.gg': No such host is known (11001)
[06/05/20 20:46:16] [ERROR] Can't resolve Discord API URL: No such host is known (11001)
[06/05/20 20:47:00] [ERROR] DCC_SendChannelMessage: invalid channel id '0'
[06/05/20 20:47:05] [ERROR] DCC_SendChannelMessage: invalid channel id '0'
[06/05/20 20:47:24] [ERROR] invalid JSON: expected "parent_id" in "{"bitrate":64000,"id":"709631142239928341","name":"IP : Coming Soon.","nsfw":false,"parent_id":null,"permission_overwrites":[{"allow":1024,"deny":871367441,"id":"704668623788310600","type":"role"},{"allow":1048576,"deny":0,"id":"705080722771279894","type":"role"},{"allow":1048576,"deny":0,"id":"705081248229490750","type":"role"}],"position":0,"type":2,"user_limit":0}"
[06/05/20 20:47:26] [ERROR] DCC_SendChannelMessage: invalid channel id '0'
[06/05/20 20:47:44] [ERROR] DCC_SendChannelMessage: invalid channel id '0'
[06/05/20 20:47:44] [ERROR] DCC_SendChannelMessage: invalid channel id '0'
[06/06/20 09:30:03] [ERROR] Discord terminated websocket connection; reason: Authentication failed. (4004)
[06/06/20 09:30:05] [ERROR] Discord terminated websocket connection; reason: Authentication failed. (4004)
[06/06/20 09:30:07] [ERROR] Discord terminated websocket connection; reason: Authentication failed. (4004)
[06/06/20 09:30:09] [ERROR] Discord terminated websocket connection; reason: Authentication failed. (4004)
[06/06/20 09:30:11] [ERROR] Discord terminated websocket connection; reason: Authentication failed. (4004)
[06/06/20 09:30:12] [ERROR] Discord terminated websocket connection; reason: Authentication failed. (4004)
[06/06/20 09:30:14] [ERROR] Discord terminated websocket connection; reason: Authentication failed. (4004)
[06/06/20 09:30:16] [ERROR] Discord terminated websocket connection; reason: Authentication failed. (4004)
[06/06/20 09:30:18] [ERROR] Discord terminated websocket connection; reason: Authentication failed. (4004)
[06/06/20 09:30:19] [ERROR] Discord terminated websocket connection; reason: Authentication failed. (4004)
[06/06/20 09:30:21] [ERROR] Discord terminated websocket connection; reason: Authentication failed. (4004)
[06/06/20 09:30:23] [ERROR] Discord terminated websocket connection; reason: Authentication failed. (4004)
[06/06/20 09:30:25] [ERROR] Discord terminated websocket connection; reason: Authentication failed. (4004)
[06/06/20 09:30:27] [ERROR] Discord terminated websocket connection; reason: Authentication failed. (4004)
[06/06/20 09:30:29] [ERROR] Discord terminated websocket connection; reason: Authentication failed. (4004)
[06/06/20 09:30:30] [ERROR] Discord terminated websocket connection; reason: Authentication failed. (4004)
[06/06/20 09:30:32] [ERROR] Discord terminated websocket connection; reason: Authentication failed. (4004)
[06/06/20 09:31:24] [ERROR] invalid JSON: expected "parent_id" in "{"bitrate":64000,"id":"709631142239928341","name":"IP : Coming Soon.","nsfw":false,"parent_id":null,"permission_overwrites":[{"allow":1024,"deny":871367441,"id":"704668623788310600","type":"role"},{"allow":1048576,"deny":0,"id":"705080722771279894","type":"role"},{"allow":1048576,"deny":0,"id":"705081248229490750","type":"role"}],"position":0,"type":2,"user_limit":0}"
[06/06/20 09:32:53] [ERROR] invalid JSON: expected "parent_id" in "{"bitrate":64000,"id":"709631142239928341","name":"IP : Coming Soon.","nsfw":false,"parent_id":null,"permission_overwrites":[{"allow":1024,"deny":871367441,"id":"704668623788310600","type":"role"},{"allow":1048576,"deny":0,"id":"705080722771279894","type":"role"},{"allow":1048576,"deny":0,"id":"705081248229490750","type":"role"}],"position":0,"type":2,"user_limit":0}"
[06/06/20 09:43:45] [ERROR] invalid JSON: expected "parent_id" in "{"bitrate":64000,"id":"709631142239928341","name":"IP : Coming Soon.","nsfw":false,"parent_id":null,"permission_overwrites":[{"allow":1024,"deny":871367441,"id":"704668623788310600","type":"role"},{"allow":1048576,"deny":0,"id":"705080722771279894","type":"role"},{"allow":1048576,"deny":0,"id":"705081248229490750","type":"role"}],"position":0,"type":2,"user_limit":0}"
[06/06/20 09:45:36] [ERROR] invalid JSON: expected "parent_id" in "{"bitrate":64000,"id":"709631142239928341","name":"IP : Coming Soon.","nsfw":false,"parent_id":null,"permission_overwrites":[{"allow":1024,"deny":871367441,"id":"704668623788310600","type":"role"},{"allow":1048576,"deny":0,"id":"705080722771279894","type":"role"},{"allow":1048576,"deny":0,"id":"705081248229490750","type":"role"}],"position":0,"type":2,"user_limit":0}"
[06/06/20 09:53:00] [ERROR] invalid JSON: expected "parent_id" in "{"bitrate":64000,"id":"709631142239928341","name":"IP : Coming Soon.","nsfw":false,"parent_id":null,"permission_overwrites":[{"allow":1024,"deny":871367441,"id":"704668623788310600","type":"role"},{"allow":1048576,"deny":0,"id":"705080722771279894","type":"role"},{"allow":1048576,"deny":0,"id":"705081248229490750","type":"role"}],"position":0,"type":2,"user_limit":0}"
[06/06/20 11:44:27] [ERROR] invalid JSON: expected "parent_id" in "{"bitrate":64000,"id":"709631142239928341","name":"IP : Coming Soon.","nsfw":false,"parent_id":null,"permission_overwrites":[{"allow":1024,"deny":871367441,"id":"704668623788310600","type":"role"},{"allow":1048576,"deny":0,"id":"705080722771279894","type":"role"},{"allow":1048576,"deny":0,"id":"705081248229490750","type":"role"}],"position":0,"type":2,"user_limit":0}"
[06/06/20 12:16:23] [ERROR] Can't read from Discord websocket gateway: An existing connection was forcibly closed by the remote host (10054)
[06/06/20 12:16:24] [ERROR] Can't resolve Discord gateway URL 'gateway.discord.gg': The requested name is valid, but no data of the requested type was found (11004)
[06/06/20 16:22:39] [ERROR] invalid JSON: expected "parent_id" in "{"bitrate":64000,"id":"709631142239928341","name":"IP : Coming Soon.","nsfw":false,"parent_id":null,"permission_overwrites":[{"allow":1024,"deny":871367441,"id":"704668623788310600","type":"role"},{"allow":1048576,"deny":0,"id":"705080722771279894","type":"role"},{"allow":1048576,"deny":0,"id":"705081248229490750","type":"role"}],"position":0,"type":2,"user_limit":0}"
[06/07/20 02:41:35] [ERROR] invalid JSON: expected "parent_id" in "{"bitrate":64000,"id":"709631142239928341","name":"IP : Coming Soon.","nsfw":false,"parent_id":null,"permission_overwrites":[{"allow":1024,"deny":871367441,"id":"704668623788310600","type":"role"},{"allow":1048576,"deny":0,"id":"705080722771279894","type":"role"},{"allow":1048576,"deny":0,"id":"705081248229490750","type":"role"}],"position":0,"type":2,"user_limit":0}"
[06/07/20 14:40:20] [ERROR] invalid JSON: expected "parent_id" in "{"bitrate":64000,"id":"709631142239928341","name":"IP : Coming Soon.","nsfw":false,"parent_id":null,"permission_overwrites":[{"allow":1024,"deny":871367441,"id":"704668623788310600","type":"role"},{"allow":1048576,"deny":0,"id":"705080722771279894","type":"role"},{"allow":1048576,"deny":0,"id":"705081248229490750","type":"role"}],"position":0,"type":2,"user_limit":0}"
